<?xml version="1.0" encoding="UTF-8" ?>
<testsuite tests="2" failures="2" name="com.neoteric.tdd.service.AccountServiceTest" time="1.809" errors="0" skipped="0">
  <properties>
[...]
</properties>
  <testcase classname="com.neoteric.tdd.service.AccountServiceTest" name="testDeposit" time="1.803">
    <failure message="
Wanted but not invoked:
passbookService.printPassbook(
    com.neoteric.tdd.bank.model.Account@49601f82
);
-&gt; at com.neoteric.tdd.service.AccountServiceTest.testDeposit(AccountServiceTest.java:39)
Actually, there were zero interactions with this mock.
" type="Wanted but not invoked">Wanted but not invoked:
passbookService.printPassbook(
    com.neoteric.tdd.bank.model.Account@49601f82
);
-&gt; at com.neoteric.tdd.service.AccountServiceTest.testDeposit(AccountServiceTest.java:39)
Actually, there were zero interactions with this mock.

	at com.neoteric.tdd.service.AccountServiceTest.testDeposit(AccountServiceTest.java:39)
	at org.junit.internal.runners.TestMethod.invoke(TestMethod.java:68)
	at org.junit.internal.runners.MethodRoadie$2.run(MethodRoadie.java:89)
	at org.junit.internal.runners.MethodRoadie.runBeforesThenTestThenAfters(MethodRoadie.java:97)
	at org.junit.internal.runners.MethodRoadie.runTest(MethodRoadie.java:87)
	at org.junit.internal.runners.MethodRoadie.run(MethodRoadie.java:50)
	at org.junit.internal.runners.ClassRoadie.runUnprotected(ClassRoadie.java:34)
	at org.junit.internal.runners.ClassRoadie.runProtected(ClassRoadie.java:44)
	at org.apache.maven.surefire.junit4.JUnit4Provider.execute(JUnit4Provider.java:252)
	at org.apache.maven.surefire.junit4.JUnit4Provider.executeTestSet(JUnit4Provider.java:141)
	at org.apache.maven.surefire.junit4.JUnit4Provider.invoke(JUnit4Provider.java:112)
	at org.apache.maven.surefire.util.ReflectionUtils.invokeMethodWithArray(ReflectionUtils.java:189)
	at org.apache.maven.surefire.booter.ProviderFactory$ProviderProxy.invoke(ProviderFactory.java:165)
	at org.apache.maven.surefire.booter.ProviderFactory.invokeProvider(ProviderFactory.java:85)
	at org.apache.maven.surefire.booter.ForkedBooter.runSuitesInProcess(ForkedBooter.java:115)
	at org.apache.maven.surefire.booter.ForkedBooter.main(ForkedBooter.java:75)
</failure>
  </testcase>
  <testcase classname="com.neoteric.tdd.service.AccountServiceTest" name="testWithdraw" time="0.006">
    <failure message="
Wanted but not invoked:
passbookService.printPassbook(
    com.neoteric.tdd.bank.model.Account@15cea7b0
);
-&gt; at com.neoteric.tdd.service.AccountServiceTest.testWithdraw(AccountServiceTest.java:49)
Actually, there were zero interactions with this mock.
" type="Wanted but not invoked">Wanted but not invoked:
passbookService.printPassbook(
    com.neoteric.tdd.bank.model.Account@15cea7b0
);
-&gt; at com.neoteric.tdd.service.AccountServiceTest.testWithdraw(AccountServiceTest.java:49)
Actually, there were zero interactions with this mock.

	at com.neoteric.tdd.service.AccountServiceTest.testWithdraw(AccountServiceTest.java:49)
	at org.junit.internal.runners.TestMethod.invoke(TestMethod.java:68)
	at org.junit.internal.runners.MethodRoadie$2.run(MethodRoadie.java:89)
	at org.junit.internal.runners.MethodRoadie.runBeforesThenTestThenAfters(MethodRoadie.java:97)
	at org.junit.internal.runners.MethodRoadie.runTest(MethodRoadie.java:87)
	at org.junit.internal.runners.MethodRoadie.run(MethodRoadie.java:50)
	at org.junit.internal.runners.ClassRoadie.runUnprotected(ClassRoadie.java:34)
	at org.junit.internal.runners.ClassRoadie.runProtected(ClassRoadie.java:44)
	at org.apache.maven.surefire.junit4.JUnit4Provider.execute(JUnit4Provider.java:252)
	at org.apache.maven.surefire.junit4.JUnit4Provider.executeTestSet(JUnit4Provider.java:141)
	at org.apache.maven.surefire.junit4.JUnit4Provider.invoke(JUnit4Provider.java:112)
	at org.apache.maven.surefire.util.ReflectionUtils.invokeMethodWithArray(ReflectionUtils.java:189)
	at org.apache.maven.surefire.booter.ProviderFactory$ProviderProxy.invoke(ProviderFactory.java:165)
	at org.apache.maven.surefire.booter.ProviderFactory.invokeProvider(ProviderFactory.java:85)
	at org.apache.maven.surefire.booter.ForkedBooter.runSuitesInProcess(ForkedBooter.java:115)
	at org.apache.maven.surefire.booter.ForkedBooter.main(ForkedBooter.java:75)
</failure>
  </testcase>
</testsuite>